2020-10-19 16:20:54,664 CRIT Supervisor is running as root.  Privileges were not dropped because no user is specified in the config file.  If you intend to run as root, you can set user=root in the config file to avoid this message.
2020-10-19 16:20:54,709 INFO supervisord started with pid 1
2020-10-19 16:20:55,722 INFO spawned: 'nginx' with pid 8
2020-10-19 16:20:55,730 INFO spawned: 'uwsgi' with pid 9
2020-10-19 16:20:56,977 INFO success: nginx entered RUNNING state, process has stayed up for > than 1 seconds (startsecs)
2020-10-19 16:20:56,979 INFO success: uwsgi entered RUNNING state, process has stayed up for > than 1 seconds (startsecs)
2020-10-19 16:22:01,182 WARN received SIGTERM indicating exit request
2020-10-19 16:22:01,192 INFO waiting for nginx, uwsgi to die
2020-10-19 16:22:01,224 INFO stopped: uwsgi (exit status 30)
2020-10-19 16:22:01,240 INFO stopped: nginx (exit status 0)
2020-10-19 16:26:02,908 CRIT Supervisor is running as root.  Privileges were not dropped because no user is specified in the config file.  If you intend to run as root, you can set user=root in the config file to avoid this message.
2020-10-19 16:26:02,972 INFO supervisord started with pid 1
2020-10-19 16:26:03,979 INFO spawned: 'uwsgi' with pid 8
2020-10-19 16:26:03,987 INFO spawned: 'nginx' with pid 9
2020-10-19 16:26:05,604 INFO success: uwsgi entered RUNNING state, process has stayed up for > than 1 seconds (startsecs)
2020-10-19 16:26:05,608 INFO success: nginx entered RUNNING state, process has stayed up for > than 1 seconds (startsecs)
2020-10-19 16:34:26,775 WARN received SIGTERM indicating exit request
2020-10-19 16:34:26,779 INFO waiting for uwsgi, nginx to die
2020-10-19 16:34:26,787 INFO stopped: nginx (exit status 0)
2020-10-19 16:34:26,841 INFO stopped: uwsgi (exit status 30)
2020-10-19 16:34:30,413 CRIT Supervisor is running as root.  Privileges were not dropped because no user is specified in the config file.  If you intend to run as root, you can set user=root in the config file to avoid this message.
2020-10-19 16:34:30,434 INFO supervisord started with pid 1
2020-10-19 16:34:31,451 INFO spawned: 'uwsgi' with pid 8
2020-10-19 16:34:31,482 INFO spawned: 'nginx' with pid 9
2020-10-19 16:34:32,623 INFO success: uwsgi entered RUNNING state, process has stayed up for > than 1 seconds (startsecs)
2020-10-19 16:34:32,626 INFO success: nginx entered RUNNING state, process has stayed up for > than 1 seconds (startsecs)
2020-10-19 16:37:18,791 WARN received SIGTERM indicating exit request
2020-10-19 16:37:18,795 INFO waiting for uwsgi, nginx to die
2020-10-19 16:37:18,800 INFO stopped: nginx (exit status 0)
2020-10-19 16:37:18,852 INFO stopped: uwsgi (exit status 30)
2020-10-19 16:37:29,486 CRIT Supervisor is running as root.  Privileges were not dropped because no user is specified in the config file.  If you intend to run as root, you can set user=root in the config file to avoid this message.
2020-10-19 16:37:29,503 INFO supervisord started with pid 1
2020-10-19 16:37:30,514 INFO spawned: 'nginx' with pid 9
2020-10-19 16:37:30,522 INFO spawned: 'uwsgi' with pid 10
2020-10-19 16:37:31,772 INFO success: nginx entered RUNNING state, process has stayed up for > than 1 seconds (startsecs)
2020-10-19 16:37:31,774 INFO success: uwsgi entered RUNNING state, process has stayed up for > than 1 seconds (startsecs)
2020-10-19 16:38:46,997 WARN received SIGTERM indicating exit request
2020-10-19 16:38:46,998 INFO waiting for nginx, uwsgi to die
2020-10-19 16:38:47,082 INFO stopped: uwsgi (exit status 30)
2020-10-19 16:38:47,097 INFO stopped: nginx (exit status 0)
2020-10-19 16:38:50,601 CRIT Supervisor is running as root.  Privileges were not dropped because no user is specified in the config file.  If you intend to run as root, you can set user=root in the config file to avoid this message.
2020-10-19 16:38:50,615 INFO supervisord started with pid 1
2020-10-19 16:38:51,634 INFO spawned: 'nginx' with pid 8
2020-10-19 16:38:51,651 INFO spawned: 'uwsgi' with pid 9
2020-10-19 16:38:53,601 INFO success: nginx entered RUNNING state, process has stayed up for > than 1 seconds (startsecs)
2020-10-19 16:38:53,602 INFO success: uwsgi entered RUNNING state, process has stayed up for > than 1 seconds (startsecs)
2020-10-19 16:39:16,357 WARN received SIGTERM indicating exit request
2020-10-19 16:39:16,365 INFO waiting for nginx, uwsgi to die
2020-10-19 16:39:17,430 INFO stopped: uwsgi (exit status 30)
2020-10-19 16:39:17,435 INFO stopped: nginx (exit status 0)
2020-10-19 16:39:21,113 CRIT Supervisor is running as root.  Privileges were not dropped because no user is specified in the config file.  If you intend to run as root, you can set user=root in the config file to avoid this message.
2020-10-19 16:39:21,142 INFO supervisord started with pid 1
2020-10-19 16:39:22,157 INFO spawned: 'uwsgi' with pid 9
2020-10-19 16:39:22,166 INFO spawned: 'nginx' with pid 10
2020-10-19 16:39:23,241 INFO success: uwsgi entered RUNNING state, process has stayed up for > than 1 seconds (startsecs)
2020-10-19 16:39:23,285 INFO success: nginx entered RUNNING state, process has stayed up for > than 1 seconds (startsecs)
2020-10-19 16:41:02,319 WARN received SIGTERM indicating exit request
2020-10-19 16:41:02,323 INFO waiting for uwsgi, nginx to die
2020-10-19 16:41:02,329 INFO stopped: nginx (exit status 0)
2020-10-19 16:41:02,378 INFO stopped: uwsgi (exit status 30)
2020-10-19 16:46:02,339 CRIT Supervisor is running as root.  Privileges were not dropped because no user is specified in the config file.  If you intend to run as root, you can set user=root in the config file to avoid this message.
2020-10-19 16:46:02,354 INFO supervisord started with pid 1
2020-10-19 16:46:03,363 INFO spawned: 'uwsgi' with pid 9
2020-10-19 16:46:03,370 INFO spawned: 'nginx' with pid 10
2020-10-19 16:46:04,836 INFO success: uwsgi entered RUNNING state, process has stayed up for > than 1 seconds (startsecs)
2020-10-19 16:46:04,838 INFO success: nginx entered RUNNING state, process has stayed up for > than 1 seconds (startsecs)
2020-10-19 16:47:50,137 WARN received SIGTERM indicating exit request
2020-10-19 16:47:50,145 INFO waiting for uwsgi, nginx to die
2020-10-19 16:47:50,147 INFO stopped: nginx (exit status 0)
2020-10-19 16:47:50,195 INFO stopped: uwsgi (exit status 30)
2020-10-19 16:51:03,717 CRIT Supervisor is running as root.  Privileges were not dropped because no user is specified in the config file.  If you intend to run as root, you can set user=root in the config file to avoid this message.
2020-10-19 16:51:03,734 INFO supervisord started with pid 1
2020-10-19 16:51:04,748 INFO spawned: 'nginx' with pid 8
2020-10-19 16:51:04,760 INFO spawned: 'uwsgi' with pid 9
2020-10-19 16:51:06,270 INFO success: nginx entered RUNNING state, process has stayed up for > than 1 seconds (startsecs)
2020-10-19 16:51:06,273 INFO success: uwsgi entered RUNNING state, process has stayed up for > than 1 seconds (startsecs)
2020-10-19 16:51:33,884 WARN received SIGTERM indicating exit request
2020-10-19 16:51:33,889 INFO waiting for nginx, uwsgi to die
2020-10-19 16:51:33,986 INFO stopped: uwsgi (exit status 30)
2020-10-19 16:51:34,998 INFO stopped: nginx (exit status 0)
